37 4 15 23 4 35 34 14 31 15 9 12 29 11 13 40 34 15 23 23 17 25 35 34 34 24 40 37 11 26 36 37 19 8 10 12 32 33 15 20 6 13 21 32 14 31 21 5 
37 4 15 23 4 35 34 14 31 15 9 12 29 11 13 40 34 15 23 23 17 25 35 34 34 24 40 37 11 26 36 37 19 8 10 12 32 33 15 20 6 13 21 32 14 31 21 5 
37 4 15 23 4 35 34 14 31 15 9 12 29 11 13 40 34 15 23 23 17 25 35 34 34 24 40 37 11 26 36 37 19 8 10 12 32 33 15 20 6 13 21 32 14 31 21 5 
37 4 15 23 4 35 34 14 31 15 9 12 29 11 13 40 34 15 23 23 17 25 35 34 34 24 40 37 11 26 36 37 19 8 10 12 32 33 15 20 6 13 21 32 14 31 21 5 
37 4 15 23 4 35 34 14 31 15 9 12 29 11 13 40 34 15 23 23 17 25 35 34 34 24 40 37 11 26 36 37 19 8 10 12 32 33 15 20 6 13 21 32 14 31 21 5 
37 4 15 23 4 35 34 14 31 15 9 12 29 11 13 40 34 15 23 23 17 25 35 34 34 24 40 37 11 26 36 37 19 8 10 12 32 33 15 20 6 13 21 32 14 31 21 5 
40 13 16 32 5 36 42 39 42 15 32 41 41 11 13 62 45 29 32 26 18 25 58 46 62 36 47 44 17 35 44 52 25 23 11 24 33 34 26 23 7 27 24 51 52 34 50 5 
62 43 38 42 5 36 55 60 50 16 34 51 43 11 21 70 55 54 56 33 25 25 60 55 70 38 59 44 26 36 51 61 49 24 15 36 45 46 26 24 7 38 24 51 63 70 63 10 
67 59 42 45 6 40 67 60 50 50 41 77 57 13 39 95 61 64 88 41 43 27 60 55 91 46 63 44 45 44 81 71 51 45 23 36 49 62 29 26 9 44 26 64 78 73 68 32 
73 60 45 45 13 60 94 61 54 50 47 79 65 33 48 97 75 96 89 67 56 28 74 68 114 46 63 44 55 45 92 71 53 48 31 50 68 85 36 29 9 49 44 89 99 76 71 45 
53 46 16 55 5 61 86 38 52 46 60 83 65 12 61 94 92 80 119 70 44 29 83 86 121 47 61 45 51 37 93 62 61 12 24 75 59 95 7 30 15 31 69 103 79 54 95 58 
54 56 34 53 15 78 87 39 59 33 69 74 69 14 47 84 75 63 142 68 43 42 72 102 121 63 43 47 68 37 94 70 66 11 34 74 66 117 17 30 15 31 73 109 81 55 67 24 
70 78 36 58 21 91 106 39 64 37 86 89 87 33 70 97 104 73 146 70 70 48 87 105 126 86 56 47 85 53 105 92 69 18 40 75 77 137 35 36 20 31 84 111 101 82 70 49 
66 75 46 62 27 108 98 32 77 40 96 80 71 25 84 99 117 43 148 55 67 62 95 120 121 86 51 54 96 76 115 96 59 0 38 95 93 136 53 26 27 32 82 118 104 82 70 49 
74 72 50 66 25 91 103 45 64 46 71 80 67 11 85 99 131 29 154 58 68 65 92 119 119 100 54 55 90 96 124 84 63 7 45 74 75 145 43 31 18 26 78 138 116 83 70 30 
77 72 50 76 35 112 105 63 74 49 80 113 77 11 105 130 139 32 155 84 71 91 111 121 126 100 57 61 114 103 135 84 67 18 45 76 90 160 51 38 18 27 113 142 120 95 80 31 
77 72 50 76 35 112 105 63 74 49 80 113 77 11 105 130 139 32 155 84 71 91 111 121 126 100 57 61 114 103 135 84 67 18 45 76 90 160 51 38 18 27 113 142 120 95 80 31 
76 66 36 71 22 109 105 55 60 32 78 111 61 2 101 108 131 31 153 82 47 90 94 109 119 80 38 47 108 94 122 80 53 13 26 64 83 134 51 28 12 5 107 141 111 87 75 24 
76 66 36 71 22 109 105 55 60 32 78 111 61 2 101 108 131 31 153 82 47 90 94 109 119 80 38 47 108 94 122 80 53 13 26 64 83 134 51 28 12 5 107 141 111 87 75 24 
62 55 68 68 49 90 122 75 69 39 84 133 77 9 103 104 145 27 164 91 31 112 90 75 127 81 63 79 121 96 104 81 57 5 31 84 71 131 70 21 17 11 103 152 113 87 79 11 
97 60 80 80 65 94 126 84 71 41 86 133 79 14 118 110 151 30 164 110 31 114 92 77 156 88 78 79 126 104 104 102 67 5 44 85 76 136 87 54 18 43 105 156 116 87 79 25 
91 59 78 75 39 117 134 66 95 21 89 147 84 23 124 135 156 48 170 130 14 108 101 49 137 64 79 86 119 104 110 106 52 13 30 88 113 112 98 56 18 43 108 144 120 70 71 37 
