5 37 37 17 12 12 31 26 9 32 27 8 17 22 11 3 25 16 42 48 49 20 46 16 39 25 20 15 25 3 40 44 37 42 10 14 4 7 5 10 36 29 31 18 17 7 34 39 
5 37 37 17 12 12 31 26 9 32 27 8 17 22 11 3 25 16 42 48 49 20 46 16 39 25 20 15 25 3 40 44 37 42 10 14 4 7 5 10 36 29 31 18 17 7 34 39 
5 37 37 17 12 12 31 26 9 32 27 8 17 22 11 3 25 16 42 48 49 20 46 16 39 25 20 15 25 3 40 44 37 42 10 14 4 7 5 10 36 29 31 18 17 7 34 39 
5 37 37 17 12 12 31 26 9 32 27 8 17 22 11 3 25 16 42 48 49 20 46 16 39 25 20 15 25 3 40 44 37 42 10 14 4 7 5 10 36 29 31 18 17 7 34 39 
5 37 37 17 12 12 31 26 9 32 27 8 17 22 11 3 25 16 42 48 49 20 46 16 39 25 20 15 25 3 40 44 37 42 10 14 4 7 5 10 36 29 31 18 17 7 34 39 
19 73 66 29 22 42 35 34 20 42 48 33 30 38 41 32 37 18 58 85 51 28 74 16 39 27 52 39 67 14 40 50 45 54 19 60 6 33 20 31 37 39 56 22 17 26 59 59 
19 73 66 29 22 42 35 34 20 42 48 33 30 38 41 32 37 18 58 85 51 28 74 16 39 27 52 39 67 14 40 50 45 54 19 60 6 33 20 31 37 39 56 22 17 26 59 59 
19 73 66 29 22 42 35 34 20 42 48 33 30 38 41 32 37 18 58 85 51 28 74 16 39 27 52 39 67 14 40 50 45 54 19 60 6 33 20 31 37 39 56 22 17 26 59 59 
21 77 83 53 29 52 42 38 25 42 63 34 42 72 49 59 57 20 64 99 55 43 77 44 56 29 66 42 75 16 63 54 64 97 22 66 10 53 53 46 52 63 65 42 22 51 74 59 
21 77 83 53 29 52 42 38 25 42 63 34 42 72 49 59 57 20 64 99 55 43 77 44 56 29 66 42 75 16 63 54 64 97 22 66 10 53 53 46 52 63 65 42 22 51 74 59 
21 77 83 53 29 52 42 38 25 42 63 34 42 72 49 59 57 20 64 99 55 43 77 44 56 29 66 42 75 16 63 54 64 97 22 66 10 53 53 46 52 63 65 42 22 51 74 59 
21 77 83 53 29 52 42 38 25 42 63 34 42 72 49 59 57 20 64 99 55 43 77 44 56 29 66 42 75 16 63 54 64 97 22 66 10 53 53 46 52 63 65 42 22 51 74 59 
25 80 92 53 29 52 44 38 34 42 87 51 51 72 73 71 65 20 80 108 55 52 77 48 56 30 87 67 75 16 74 79 65 97 33 67 15 54 55 53 52 69 72 51 36 54 74 59 
25 80 92 53 29 52 44 38 34 42 87 51 51 72 73 71 65 20 80 108 55 52 77 48 56 30 87 67 75 16 74 79 65 97 33 67 15 54 55 53 52 69 72 51 36 54 74 59 
25 80 92 53 29 52 44 38 34 42 87 51 51 72 73 71 65 20 80 108 55 52 77 48 56 30 87 67 75 16 74 79 65 97 33 67 15 54 55 53 52 69 72 51 36 54 74 59 
25 80 92 53 29 52 44 38 34 42 87 51 51 72 73 71 65 20 80 108 55 52 77 48 56 30 87 67 75 16 74 79 65 97 33 67 15 54 55 53 52 69 72 51 36 54 74 59 
25 80 92 53 29 52 44 38 34 42 87 51 51 72 73 71 65 20 80 108 55 52 77 48 56 30 87 67 75 16 74 79 65 97 33 67 15 54 55 53 52 69 72 51 36 54 74 59 
25 80 92 53 29 52 44 38 34 42 87 51 51 72 73 71 65 20 80 108 55 52 77 48 56 30 87 67 75 16 74 79 65 97 33 67 15 54 55 53 52 69 72 51 36 54 74 59 
25 119 97 50 42 21 64 35 9 18 87 59 83 55 48 70 77 33 79 125 95 45 42 57 55 27 87 78 84 33 64 77 72 100 16 58 46 37 50 69 33 44 108 64 35 37 88 51 
28 113 124 47 44 36 89 50 18 7 88 76 107 71 44 73 71 33 49 126 82 44 53 61 73 25 119 84 84 41 70 82 85 72 13 53 48 17 27 64 57 38 103 57 27 34 96 64 
28 113 124 47 44 36 89 50 18 7 88 76 107 71 44 73 71 33 49 126 82 44 53 61 73 25 119 84 84 41 70 82 85 72 13 53 48 17 27 64 57 38 103 57 27 34 96 64 
28 113 124 47 44 36 89 50 18 7 88 76 107 71 44 73 71 33 49 126 82 44 53 61 73 25 119 84 84 41 70 82 85 72 13 53 48 17 27 64 57 38 103 57 27 34 96 64 
28 113 124 47 44 36 89 50 18 7 88 76 107 71 44 73 71 33 49 126 82 44 53 61 73 25 119 84 84 41 70 82 85 72 13 53 48 17 27 64 57 38 103 57 27 34 96 64 
14 105 132 56 50 36 65 48 1 27 71 111 106 91 40 97 71 25 45 136 55 40 66 80 42 37 94 114 65 34 71 68 72 64 36 35 80 10 17 70 52 35 129 88 27 62 67 91 
23 126 165 92 72 43 98 95 1 30 110 115 106 94 46 133 76 48 61 140 56 55 74 103 49 44 120 119 65 34 82 73 104 71 37 58 80 18 32 82 79 53 130 95 49 80 70 102 
23 126 165 92 72 43 98 95 1 30 110 115 106 94 46 133 76 48 61 140 56 55 74 103 49 44 120 119 65 34 82 73 104 71 37 58 80 18 32 82 79 53 130 95 49 80 70 102 
23 126 165 92 72 43 98 95 1 30 110 115 106 94 46 133 76 48 61 140 56 55 74 103 49 44 120 119 65 34 82 73 104 71 37 58 80 18 32 82 79 53 130 95 49 80 70 102 
23 126 165 92 72 43 98 95 1 30 110 115 106 94 46 133 76 48 61 140 56 55 74 103 49 44 120 119 65 34 82 73 104 71 37 58 80 18 32 82 79 53 130 95 49 80 70 102 
26 134 170 94 90 62 99 127 4 32 115 137 138 101 50 152 80 70 78 144 61 76 89 123 49 46 122 155 81 34 88 90 113 71 48 67 95 38 32 106 87 84 169 95 49 115 70 106 
