5 37 37 17 12 12 31 26 9 32 27 8 17 22 11 3 25 16 42 48 49 20 46 16 39 25 20 15 25 3 40 44 37 42 10 14 4 7 5 10 36 29 31 18 17 7 34 39 
5 37 37 17 12 12 31 26 9 32 27 8 17 22 11 3 25 16 42 48 49 20 46 16 39 25 20 15 25 3 40 44 37 42 10 14 4 7 5 10 36 29 31 18 17 7 34 39 
5 37 37 17 12 12 31 26 9 32 27 8 17 22 11 3 25 16 42 48 49 20 46 16 39 25 20 15 25 3 40 44 37 42 10 14 4 7 5 10 36 29 31 18 17 7 34 39 
5 37 37 17 12 12 31 26 9 32 27 8 17 22 11 3 25 16 42 48 49 20 46 16 39 25 20 15 25 3 40 44 37 42 10 14 4 7 5 10 36 29 31 18 17 7 34 39 
5 37 37 17 12 12 31 26 9 32 27 8 17 22 11 3 25 16 42 48 49 20 46 16 39 25 20 15 25 3 40 44 37 42 10 14 4 7 5 10 36 29 31 18 17 7 34 39 
5 37 37 17 12 12 31 26 9 32 27 8 17 22 11 3 25 16 42 48 49 20 46 16 39 25 20 15 25 3 40 44 37 42 10 14 4 7 5 10 36 29 31 18 17 7 34 39 
22 50 64 39 13 24 37 31 11 32 53 11 19 42 12 6 43 43 60 72 62 30 78 33 75 53 50 16 25 8 42 46 51 50 26 14 14 30 6 11 69 40 60 25 37 24 35 57 
23 70 76 53 21 40 37 60 47 33 60 40 57 74 14 41 54 43 62 83 63 50 80 38 78 67 52 42 34 11 46 50 51 50 40 18 50 30 15 27 97 48 81 38 48 28 39 64 
23 70 76 53 21 40 37 60 47 33 60 40 57 74 14 41 54 43 62 83 63 50 80 38 78 67 52 42 34 11 46 50 51 50 40 18 50 30 15 27 97 48 81 38 48 28 39 64 
23 70 76 53 21 40 37 60 47 33 60 40 57 74 14 41 54 43 62 83 63 50 80 38 78 67 52 42 34 11 46 50 51 50 40 18 50 30 15 27 97 48 81 38 48 28 39 64 
23 70 76 53 21 40 37 60 47 33 60 40 57 74 14 41 54 43 62 83 63 50 80 38 78 67 52 42 34 11 46 50 51 50 40 18 50 30 15 27 97 48 81 38 48 28 39 64 
35 97 104 59 21 73 48 70 50 41 66 41 64 87 18 49 60 58 94 83 63 50 96 47 97 82 63 47 78 21 48 51 70 51 60 19 82 39 21 31 116 65 88 43 65 34 41 71 
39 81 110 62 21 97 30 52 43 36 58 49 67 117 21 79 54 49 107 94 54 46 97 78 107 77 56 65 49 8 84 58 71 82 54 25 76 48 28 27 125 67 59 54 78 35 48 67 
39 81 110 62 21 97 30 52 43 36 58 49 67 117 21 79 54 49 107 94 54 46 97 78 107 77 56 65 49 8 84 58 71 82 54 25 76 48 28 27 125 67 59 54 78 35 48 67 
39 81 110 62 21 97 30 52 43 36 58 49 67 117 21 79 54 49 107 94 54 46 97 78 107 77 56 65 49 8 84 58 71 82 54 25 76 48 28 27 125 67 59 54 78 35 48 67 
42 89 110 68 24 114 60 61 54 36 59 69 67 133 35 80 54 53 114 113 64 67 112 87 114 97 74 66 94 15 97 64 71 88 66 25 85 49 28 45 125 83 68 62 111 36 73 96 
63 104 123 65 24 101 38 91 49 15 67 65 69 121 24 45 58 65 128 117 63 73 102 106 112 85 103 65 82 36 80 32 75 89 54 31 107 42 17 48 103 58 65 94 104 47 97 81 
73 133 157 96 19 115 54 99 50 7 60 70 64 113 25 72 59 68 152 93 56 72 106 121 100 73 113 77 67 20 92 54 65 85 52 36 141 39 15 47 85 79 41 103 116 48 92 82 
60 135 160 121 25 112 25 87 39 9 69 72 59 89 16 65 43 71 152 92 35 67 92 134 106 71 114 86 83 30 95 50 73 95 38 37 149 44 17 34 109 99 37 110 107 48 87 79 
26 126 153 115 17 79 45 111 47 25 50 71 54 132 24 138 99 93 170 99 47 52 79 127 110 59 134 82 60 44 111 55 78 81 57 53 142 80 6 18 124 112 63 114 137 60 81 59 
26 126 153 115 17 79 45 111 47 25 50 71 54 132 24 138 99 93 170 99 47 52 79 127 110 59 134 82 60 44 111 55 78 81 57 53 142 80 6 18 124 112 63 114 137 60 81 59 
26 126 153 115 17 79 45 111 47 25 50 71 54 132 24 138 99 93 170 99 47 52 79 127 110 59 134 82 60 44 111 55 78 81 57 53 142 80 6 18 124 112 63 114 137 60 81 59 
33 148 155 122 26 79 75 117 48 33 51 71 74 158 53 150 116 107 173 112 76 56 94 153 111 75 134 119 63 59 116 83 79 92 57 70 147 98 18 26 126 138 74 116 151 64 99 77 
27 155 175 143 57 72 13 96 37 50 3 52 71 164 42 112 77 85 165 122 62 38 85 133 129 53 100 126 57 67 132 101 51 85 41 42 164 104 28 48 137 151 73 83 122 37 90 68 
27 155 175 143 57 72 13 96 37 50 3 52 71 164 42 112 77 85 165 122 62 38 85 133 129 53 100 126 57 67 132 101 51 85 41 42 164 104 28 48 137 151 73 83 122 37 90 68 
27 155 175 143 57 72 13 96 37 50 3 52 71 164 42 112 77 85 165 122 62 38 85 133 129 53 100 126 57 67 132 101 51 85 41 42 164 104 28 48 137 151 73 83 122 37 90 68 
9 147 145 161 58 89 15 69 27 28 7 60 72 167 23 92 92 97 173 129 77 17 87 133 117 67 124 120 61 89 142 87 32 114 38 56 165 89 17 58 139 145 71 96 102 49 95 75 
19 148 156 181 58 98 22 83 27 28 7 70 72 168 24 98 101 97 175 130 84 17 88 156 117 70 131 120 64 91 153 96 34 116 42 61 190 91 17 58 147 145 72 106 104 51 95 76 
23 156 181 209 70 127 45 94 39 29 12 92 109 197 33 102 122 112 197 130 101 18 107 166 143 70 174 134 67 101 172 101 49 144 53 82 217 125 21 63 151 147 72 128 104 55 95 76 
23 156 181 209 70 127 45 94 39 29 12 92 109 197 33 102 122 112 197 130 101 18 107 166 143 70 174 134 67 101 172 101 49 144 53 82 217 125 21 63 151 147 72 128 104 55 95 76 
37 155 174 216 57 125 96 97 73 36 10 109 80 203 21 91 103 148 205 155 105 34 123 163 138 96 181 147 94 111 147 90 17 143 40 72 204 130 9 64 154 139 76 152 107 30 123 71 
73 176 179 221 65 129 110 99 92 36 10 138 93 208 21 101 105 148 215 161 109 35 123 172 138 117 181 147 106 114 148 95 19 143 40 85 217 133 13 73 176 147 77 166 119 31 124 72 
