22 14 4 31 7 7 34 10 3 15 13 31 13 30 12 38 31 28 27 4 21 10 19 10 5 27 19 22 38 16 17 17 28 10 6 24 14 29 31 14 
22 14 4 31 7 7 34 10 3 15 13 31 13 30 12 38 31 28 27 4 21 10 19 10 5 27 19 22 38 16 17 17 28 10 6 24 14 29 31 14 
23 17 16 39 25 11 41 11 14 15 19 38 14 30 22 39 35 38 33 18 22 20 29 12 35 30 20 54 38 33 19 17 33 18 8 37 23 31 35 39 
27 38 47 46 26 14 51 16 23 30 26 63 25 33 28 56 55 43 52 20 32 27 33 26 38 41 20 54 44 44 23 20 33 36 28 38 51 64 40 48 
33 14 62 52 19 17 66 29 23 31 17 61 17 56 35 53 45 40 53 29 45 22 28 23 43 38 46 67 62 28 46 26 48 37 43 66 27 47 33 69 
33 14 62 52 19 17 66 29 23 31 17 61 17 56 35 53 45 40 53 29 45 22 28 23 43 38 46 67 62 28 46 26 48 37 43 66 27 47 33 69 
33 14 62 52 19 17 66 29 23 31 17 61 17 56 35 53 45 40 53 29 45 22 28 23 43 38 46 67 62 28 46 26 48 37 43 66 27 47 33 69 
33 14 62 52 19 17 66 29 23 31 17 61 17 56 35 53 45 40 53 29 45 22 28 23 43 38 46 67 62 28 46 26 48 37 43 66 27 47 33 69 
35 20 65 64 43 20 67 33 40 45 27 98 35 63 42 71 46 40 57 38 75 26 44 39 55 57 46 74 66 28 48 36 49 38 54 85 45 57 34 74 
40 20 63 41 21 34 65 21 19 45 40 74 52 52 26 78 36 33 48 44 88 18 38 54 50 72 46 97 74 35 49 20 61 40 27 96 58 42 39 73 
37 35 68 57 55 42 91 16 19 54 31 47 50 34 48 70 18 46 55 46 78 22 29 68 44 71 36 90 86 34 52 19 55 43 35 90 53 24 49 80 
37 35 68 57 55 42 91 16 19 54 31 47 50 34 48 70 18 46 55 46 78 22 29 68 44 71 36 90 86 34 52 19 55 43 35 90 53 24 49 80 
37 35 68 57 55 42 91 16 19 54 31 47 50 34 48 70 18 46 55 46 78 22 29 68 44 71 36 90 86 34 52 19 55 43 35 90 53 24 49 80 
37 35 68 57 55 42 91 16 19 54 31 47 50 34 48 70 18 46 55 46 78 22 29 68 44 71 36 90 86 34 52 19 55 43 35 90 53 24 49 80 
33 25 40 74 71 26 92 36 9 59 16 50 60 38 56 84 51 73 60 46 85 25 28 86 60 71 5 96 83 45 52 41 77 40 34 104 54 17 29 74 
40 44 41 78 76 29 114 46 10 66 17 60 60 59 68 115 80 84 71 51 85 42 50 86 75 72 22 128 97 47 54 61 93 44 46 104 57 26 65 86 
58 62 59 83 85 31 126 49 12 69 21 72 60 59 70 121 97 85 90 54 118 64 50 94 78 73 22 137 101 58 54 63 96 69 49 104 82 57 66 94 
58 64 65 85 87 36 126 51 19 70 21 93 66 74 76 124 98 90 96 61 118 65 50 96 78 74 24 142 101 61 55 74 99 71 52 107 92 60 67 99 
47 47 61 77 87 12 124 48 16 63 12 86 65 63 71 122 80 87 87 53 115 58 21 96 74 70 5 140 95 61 54 74 92 68 38 95 86 56 65 87 
47 47 61 77 87 12 124 48 16 63 12 86 65 63 71 122 80 87 87 53 115 58 21 96 74 70 5 140 95 61 54 74 92 68 38 95 86 56 65 87 
47 47 61 77 87 12 124 48 16 63 12 86 65 63 71 122 80 87 87 53 115 58 21 96 74 70 5 140 95 61 54 74 92 68 38 95 86 56 65 87 
47 51 62 86 91 12 124 48 16 66 14 87 72 65 71 124 80 87 87 56 117 59 21 104 79 71 19 145 96 64 78 79 94 70 39 96 87 59 69 101 
41 32 55 67 83 5 126 69 18 63 30 91 80 78 99 130 77 88 85 58 153 63 15 94 91 59 19 142 90 65 75 58 97 73 48 87 83 69 69 92 
